<?xml version="1.0" encoding="UTF-8"?>
<!-- Generated by org.testng.reporters.JUnitXMLReporter -->
<testsuite ignored="0" hostname="DESKTOP-76O6G7C" failures="1" tests="1" name="chrome1" time="2.934" errors="0" timestamp="2022-08-12T21:09:09 IST">
  <testcase classname="cross.Sample1" name="test" time="2.851">
    <failure type="org.openqa.selenium.SessionNotCreatedException" message="session not created: This version of ChromeDriver only supports Chrome version 102
Current browser version is 104.0.5112.81 with binary path C:\Program Files\Google\Chrome\Application\chrome.exe
Build info: version: &amp;apos;3.141.59&amp;apos;, revision: &amp;apos;e82be7d358&amp;apos;, time: &amp;apos;2018-11-14T08:25:48&amp;apos;
System info: host: &amp;apos;DESKTOP-76O6G7C&amp;apos;, ip: &amp;apos;192.168.108.105&amp;apos;, os.name: &amp;apos;Windows 10&amp;apos;, os.arch: &amp;apos;amd64&amp;apos;, os.version: &amp;apos;10.0&amp;apos;, java.version: &amp;apos;18&amp;apos;
Driver info: driver.version: ChromeDriver
remote stacktrace: Backtrace:
	Ordinal0 [0x011CD953+2414931]
	Ordinal0 [0x0115F5E1+1963489]
	Ordinal0 [0x0104C6B8+837304]
	Ordinal0 [0x0106CAE3+969443]
	Ordinal0 [0x010686FA+952058]
	Ordinal0 [0x01065FB1+942001]
	Ordinal0 [0x01099100+1151232]
	Ordinal0 [0x01098D5A+1150298]
	Ordinal0 [0x010942B6+1131190]
	Ordinal0 [0x0106E860+976992]
	Ordinal0 [0x0106F756+980822]
	GetHandleVerifier [0x0143CC62+2510274]
	GetHandleVerifier [0x0142F760+2455744]
	GetHandleVerifier [0x0125EABA+551962]
	GetHandleVerifier [0x0125D916+547446]
	Ordinal0 [0x01165F3B+1990459]
	Ordinal0 [0x0116A898+2009240]
	Ordinal0 [0x0116A985+2009477]
	Ordinal0 [0x01173AD1+2046673]
	BaseThreadInitThunk [0x76CEFA29+25]
	RtlGetAppContainerNamedObjectPath [0x77487A9E+286]
	RtlGetAppContainerNamedObjectPath [0x77487A6E+238]
">
      <![CDATA[org.openqa.selenium.SessionNotCreatedException: session not created: This version of ChromeDriver only supports Chrome version 102
Current browser version is 104.0.5112.81 with binary path C:\Program Files\Google\Chrome\Application\chrome.exe
Build info: version: '3.141.59', revision: 'e82be7d358', time: '2018-11-14T08:25:48'
System info: host: 'DESKTOP-76O6G7C', ip: '192.168.108.105', os.name: 'Windows 10', os.arch: 'amd64', os.version: '10.0', java.version: '18'
Driver info: driver.version: ChromeDriver
remote stacktrace: Backtrace:
Ordinal0 [0x011CD953+2414931]
Ordinal0 [0x0115F5E1+1963489]
Ordinal0 [0x0104C6B8+837304]
Ordinal0 [0x0106CAE3+969443]
Ordinal0 [0x010686FA+952058]
Ordinal0 [0x01065FB1+942001]
Ordinal0 [0x01099100+1151232]
Ordinal0 [0x01098D5A+1150298]
Ordinal0 [0x010942B6+1131190]
Ordinal0 [0x0106E860+976992]
Ordinal0 [0x0106F756+980822]
GetHandleVerifier [0x0143CC62+2510274]
GetHandleVerifier [0x0142F760+2455744]
GetHandleVerifier [0x0125EABA+551962]
GetHandleVerifier [0x0125D916+547446]
Ordinal0 [0x01165F3B+1990459]
Ordinal0 [0x0116A898+2009240]
Ordinal0 [0x0116A985+2009477]
Ordinal0 [0x01173AD1+2046673]
BaseThreadInitThunk [0x76CEFA29+25]
RtlGetAppContainerNamedObjectPath [0x77487A9E+286]
RtlGetAppContainerNamedObjectPath [0x77487A6E+238]

at org.openqa.selenium.remote.W3CHandshakeResponse.lambda$errorHandler$0(W3CHandshakeResponse.java:62)
at org.openqa.selenium.remote.HandshakeResponse.lambda$getResponseFunction$0(HandshakeResponse.java:30)
at org.openqa.selenium.remote.ProtocolHandshake.lambda$createSession$0(ProtocolHandshake.java:126)
at java.base/java.util.stream.ReferencePipeline$3$1.accept(ReferencePipeline.java:197)
at java.base/java.util.Spliterators$ArraySpliterator.tryAdvance(Spliterators.java:1002)
at java.base/java.util.stream.ReferencePipeline.forEachWithCancel(ReferencePipeline.java:129)
at java.base/java.util.stream.AbstractPipeline.copyIntoWithCancel(AbstractPipeline.java:527)
at java.base/java.util.stream.AbstractPipeline.copyInto(AbstractPipeline.java:513)
at java.base/java.util.stream.AbstractPipeline.wrapAndCopyInto(AbstractPipeline.java:499)
at java.base/java.util.stream.FindOps$FindOp.evaluateSequential(FindOps.java:150)
at java.base/java.util.stream.AbstractPipeline.evaluate(AbstractPipeline.java:234)
at java.base/java.util.stream.ReferencePipeline.findFirst(ReferencePipeline.java:647)
at org.openqa.selenium.remote.ProtocolHandshake.createSession(ProtocolHandshake.java:128)
at org.openqa.selenium.remote.ProtocolHandshake.createSession(ProtocolHandshake.java:74)
at org.openqa.selenium.remote.HttpCommandExecutor.execute(HttpCommandExecutor.java:136)
at org.openqa.selenium.remote.service.DriverCommandExecutor.execute(DriverCommandExecutor.java:83)
at org.openqa.selenium.remote.RemoteWebDriver.execute(RemoteWebDriver.java:552)
at org.openqa.selenium.remote.RemoteWebDriver.startSession(RemoteWebDriver.java:213)
at org.openqa.selenium.remote.RemoteWebDriver.<init>(RemoteWebDriver.java:131)
at org.openqa.selenium.chrome.ChromeDriver.<init>(ChromeDriver.java:181)
at org.openqa.selenium.chrome.ChromeDriver.<init>(ChromeDriver.java:168)
at org.openqa.selenium.chrome.ChromeDriver.<init>(ChromeDriver.java:123)
at cross.Sample1.test(Sample1.java:27)
at java.base/java.util.ArrayList.forEach(ArrayList.java:1511)
at java.base/java.util.concurrent.FutureTask.run(FutureTask.java:264)
at java.base/java.util.concurrent.ThreadPoolExecutor.runWorker(ThreadPoolExecutor.java:1136)
at java.base/java.util.concurrent.ThreadPoolExecutor$Worker.run(ThreadPoolExecutor.java:635)
at java.base/java.lang.Thread.run(Thread.java:833)
... Removed 19 stack frames]]>
    </failure>
  </testcase> <!-- test -->
</testsuite> <!-- chrome1 -->
